2025-01-30T12:52:06.849Z  INFO 18912 --- [restartedMain] c.g.ecommerce.StockMsApplication         : Starting StockMsApplication using Java 17.0.13 with PID 18912 (C:\Users\HP\OneDrive - TOMSA\Bureau\LOGS\microservice_ms\target\classes started by HP in C:\Users\HP\OneDrive - TOMSA\Bureau\LOGS\microservice_ms)
2025-01-30T12:52:06.854Z  INFO 18912 --- [restartedMain] c.g.ecommerce.StockMsApplication         : No active profile set, falling back to 1 default profile: "default"
2025-01-30T12:52:06.967Z  INFO 18912 --- [restartedMain] .e.DevToolsPropertyDefaultsPostProcessor : Devtools property defaults active! Set 'spring.devtools.add-properties' to 'false' to disable
2025-01-30T12:52:06.967Z  INFO 18912 --- [restartedMain] .e.DevToolsPropertyDefaultsPostProcessor : For additional web related logging consider setting the 'logging.level.web' property to 'DEBUG'
2025-01-30T12:52:08.927Z  INFO 18912 --- [restartedMain] .s.d.r.c.RepositoryConfigurationDelegate : Bootstrapping Spring Data JPA repositories in DEFAULT mode.
2025-01-30T12:52:09.033Z  INFO 18912 --- [restartedMain] .s.d.r.c.RepositoryConfigurationDelegate : Finished Spring Data repository scanning in 86 ms. Found 1 JPA repository interface.
2025-01-30T12:52:10.554Z  INFO 18912 --- [restartedMain] o.s.b.w.embedded.tomcat.TomcatWebServer  : Tomcat initialized with port 8080 (http)
2025-01-30T12:52:10.578Z  INFO 18912 --- [restartedMain] o.apache.catalina.core.StandardService   : Starting service [Tomcat]
2025-01-30T12:52:10.578Z  INFO 18912 --- [restartedMain] o.apache.catalina.core.StandardEngine    : Starting Servlet engine: [Apache Tomcat/10.1.33]
2025-01-30T12:52:10.661Z  INFO 18912 --- [restartedMain] o.a.c.c.C.[Tomcat].[localhost].[/]       : Initializing Spring embedded WebApplicationContext
2025-01-30T12:52:10.661Z  INFO 18912 --- [restartedMain] w.s.c.ServletWebServerApplicationContext : Root WebApplicationContext: initialization completed in 3693 ms
2025-01-30T12:52:10.900Z  INFO 18912 --- [restartedMain] com.zaxxer.hikari.HikariDataSource       : HikariPool-1 - Starting...
2025-01-30T12:52:11.167Z  INFO 18912 --- [restartedMain] com.zaxxer.hikari.pool.HikariPool        : HikariPool-1 - Added connection conn0: url=jdbc:h2:mem:security-db user=USERNAME
2025-01-30T12:52:11.169Z  INFO 18912 --- [restartedMain] com.zaxxer.hikari.HikariDataSource       : HikariPool-1 - Start completed.
2025-01-30T12:52:11.177Z  INFO 18912 --- [restartedMain] o.s.b.a.h2.H2ConsoleAutoConfiguration    : H2 console available at '/h2-console'. Database available at 'jdbc:h2:mem:security-db'
2025-01-30T12:52:11.326Z DEBUG 18912 --- [restartedMain] o.s.w.f.ServerHttpObservationFilter      : Filter 'webMvcObservationFilter' configured for use
2025-01-30T12:52:11.492Z  INFO 18912 --- [restartedMain] o.hibernate.jpa.internal.util.LogHelper  : HHH000204: Processing PersistenceUnitInfo [name: default]
2025-01-30T12:52:11.589Z  INFO 18912 --- [restartedMain] org.hibernate.Version                    : HHH000412: Hibernate ORM core version 6.6.2.Final
2025-01-30T12:52:11.646Z  INFO 18912 --- [restartedMain] o.h.c.internal.RegionFactoryInitiator    : HHH000026: Second-level cache disabled
2025-01-30T12:52:12.155Z  INFO 18912 --- [restartedMain] o.s.o.j.p.SpringPersistenceUnitInfo      : No LoadTimeWeaver setup: ignoring JPA class transformer
2025-01-30T12:52:12.241Z  WARN 18912 --- [restartedMain] org.hibernate.orm.deprecation            : HHH90000025: H2Dialect does not need to be specified explicitly using 'hibernate.dialect' (remove the property setting and it will be selected by default)
2025-01-30T12:52:12.274Z  INFO 18912 --- [restartedMain] org.hibernate.orm.connections.pooling    : HHH10001005: Database info:
	Database JDBC URL [Connecting through datasource 'HikariDataSource (HikariPool-1)']
	Database driver: undefined/unknown
	Database version: 2.3.232
	Autocommit mode: undefined/unknown
	Isolation level: undefined/unknown
	Minimum pool size: undefined/unknown
	Maximum pool size: undefined/unknown
2025-01-30T12:52:13.228Z  INFO 18912 --- [restartedMain] o.h.e.t.j.p.i.JtaPlatformInitiator       : HHH000489: No JTA platform available (set 'hibernate.transaction.jta.platform' to enable JTA platform integration)
2025-01-30T12:52:13.329Z  INFO 18912 --- [restartedMain] j.LocalContainerEntityManagerFactoryBean : Initialized JPA EntityManagerFactory for persistence unit 'default'
2025-01-30T12:52:14.397Z  WARN 18912 --- [restartedMain] JpaBaseConfiguration$JpaWebConfiguration : spring.jpa.open-in-view is enabled by default. Therefore, database queries may be performed during view rendering. Explicitly configure spring.jpa.open-in-view to disable this warning
2025-01-30T12:52:14.675Z DEBUG 18912 --- [restartedMain] s.w.s.m.m.a.RequestMappingHandlerMapping : 8 mappings in 'requestMappingHandlerMapping'
2025-01-30T12:52:14.958Z DEBUG 18912 --- [restartedMain] o.s.w.s.handler.SimpleUrlHandlerMapping  : Patterns [/webjars/**, /**, /swagger-ui*/*swagger-initializer.js, /swagger-ui*/**] in 'resourceHandlerMapping'
2025-01-30T12:52:15.066Z DEBUG 18912 --- [restartedMain] s.w.s.m.m.a.RequestMappingHandlerAdapter : ControllerAdvice beans: 0 @ModelAttribute, 0 @InitBinder, 1 RequestBodyAdvice, 1 ResponseBodyAdvice
2025-01-30T12:52:15.206Z DEBUG 18912 --- [restartedMain] .m.m.a.ExceptionHandlerExceptionResolver : ControllerAdvice beans: 2 @ExceptionHandler, 1 ResponseBodyAdvice
2025-01-30T12:52:16.331Z  INFO 18912 --- [restartedMain] o.s.b.d.a.OptionalLiveReloadServer       : LiveReload server is running on port 35729
2025-01-30T12:52:16.349Z  INFO 18912 --- [restartedMain] o.s.b.a.e.web.EndpointLinksResolver      : Exposing 1 endpoint beneath base path '/actuator'
2025-01-30T12:52:16.540Z  INFO 18912 --- [restartedMain] o.s.b.w.embedded.tomcat.TomcatWebServer  : Tomcat started on port 8080 (http) with context path '/'
2025-01-30T12:52:16.561Z  INFO 18912 --- [restartedMain] c.g.ecommerce.StockMsApplication         : Started StockMsApplication in 10.514 seconds (process running for 11.396)
2025-01-30T14:59:20.214Z  WARN 18912 --- [HikariPool-1 housekeeper] com.zaxxer.hikari.pool.HikariPool        : HikariPool-1 - Thread starvation or clock leap detected (housekeeper delta=56m38s644ms283µs600ns).
2025-01-30T18:14:12.214Z  WARN 18912 --- [HikariPool-1 housekeeper] com.zaxxer.hikari.pool.HikariPool        : HikariPool-1 - Thread starvation or clock leap detected (housekeeper delta=1h3m50s399ms70µs300ns).
2025-01-30T22:28:23.590Z  WARN 18912 --- [HikariPool-1 housekeeper] com.zaxxer.hikari.pool.HikariPool        : HikariPool-1 - Thread starvation or clock leap detected (housekeeper delta=1h53m40s320ms905µs100ns).
2025-01-30T23:00:35.428Z  WARN 18912 --- [HikariPool-1 housekeeper] com.zaxxer.hikari.pool.HikariPool        : HikariPool-1 - Thread starvation or clock leap detected (housekeeper delta=28m11s750ms245µs).
